<?xml version="1.0" encoding="UTF-8"?>
<!-- Generated by org.testng.reporters.JUnitXMLReporter -->
<testsuite ignored="0" hostname="Ragavi" failures="0" tests="2" name="Default test" time="0.103" errors="0" timestamp="2024-06-09T21:06:23 IST">
  <testcase classname="TestNgCodes.AnnotationsAttributes.ConfigureAnnotationsEg" name="testCase1" time="0.006"/>
  <testcase classname="TestNgCodes.AnnotationsAttributes.ConfigureAnnotationsEg" name="testCase2" time="0.003"/>
</testsuite> <!-- Default test -->
