<?xml version="1.0" encoding="UTF-8"?>
<!-- Generated by org.testng.reporters.JUnitXMLReporter -->
<testsuite ignored="0" hostname="Ragavi" failures="0" tests="4" name="Test" time="47.416" errors="0" timestamp="2024-06-07T15:17:37 IST">
  <testcase classname="POMTestCases.BooksTestCase1" name="booksTestCase1" time="3.646"/>
  <testcase classname="POMTestCases.BooksTestCase2" name="booksTestCase2" time="5.332"/>
  <testcase classname="POMTestCases.SearchProductTestCase1" name="searchProductTestcase" time="1.499"/>
  <testcase classname="POMTestCases.AddToCartTestCase1" name="addToCart" time="11.259"/>
</testsuite> <!-- Test -->
